<html>
<head>
<title>TestNG:  EdgeTest</title>
<link href="../testng.css" rel="stylesheet" type="text/css" />
<link href="../my-testng.css" rel="stylesheet" type="text/css" />

<style type="text/css">
.log { display: none;} 
.stack-trace { display: none;} 
</style>
<script type="text/javascript">
<!--
function flip(e) {
  current = e.style.display;
  if (current == 'block') {
    e.style.display = 'none';
    return 0;
  }
  else {
    e.style.display = 'block';
    return 1;
  }
}

function toggleBox(szDivId, elem, msg1, msg2)
{
  var res = -1;  if (document.getElementById) {
    res = flip(document.getElementById(szDivId));
  }
  else if (document.all) {
    // this is the way old msie versions work
    res = flip(document.all[szDivId]);
  }
  if(elem) {
    if(res == 0) elem.innerHTML = msg1; else elem.innerHTML = msg2;
  }

}

function toggleAllBoxes() {
  if (document.getElementsByTagName) {
    d = document.getElementsByTagName('div');
    for (i = 0; i < d.length; i++) {
      if (d[i].className == 'log') {
        flip(d[i]);
      }
    }
  }
}

// -->
</script>

</head>
<body>
<h2 align='center'>EdgeTest</h2><table border='1' align="center">
<tr>
<td>Tests passed/Failed/Skipped:</td><td>22/2/0</td>
</tr><tr>
<td>Started on:</td><td>Wed Oct 30 11:38:53 IST 2024</td>
</tr>
<tr><td>Total time:</td><td>87 seconds (87112 ms)</td>
</tr><tr>
<td>Included groups:</td><td></td>
</tr><tr>
<td>Excluded groups:</td><td></td>
</tr>
</table><p/>
<small><i>(Hover the method name to see the test class name)</i></small><p/>
<table width='100%' border='1' class='invocation-failed'>
<tr><td colspan='4' align='center'><b>FAILED TESTS</b></td></tr>
<tr><td><b>Test method</b></td>
<td><b>Attribute(s)</b></td>
<td width="30%"><b>Exception</b></td>
<td width="10%"><b>Time (seconds)</b></td>
<td><b>Instance</b></td>
</tr>
<tr>
<td title='TestCase.TS002_HomeLoanTest.homeloan()'><b>homeloan</b><br>Test class: TestCase.TS002_HomeLoanTest</td>
<td><div><pre>java.lang.NoClassDefFoundError: pageObject/HomeLoan
	at TestCase.TS002_HomeLoanTest.homeloan(TS002_HomeLoanTest.java:19)
	at java.base/java.util.ArrayList.forEach(ArrayList.java:1597)
Caused by: java.lang.ClassNotFoundException: pageObject.HomeLoan
	... 31 more
... Removed 29 stack frames</pre></div><a href='#' onClick='toggleBox("stack-trace1958607371", this, "Click to show all stack frames", "Click to hide stack frames")'>Click to show all stack frames</a>
<div class='stack-trace' id='stack-trace1958607371'><pre>java.lang.NoClassDefFoundError: pageObject/HomeLoan
	at TestCase.TS002_HomeLoanTest.homeloan(TS002_HomeLoanTest.java:19)
	at java.base/jdk.internal.reflect.DirectMethodHandleAccessor.invoke(DirectMethodHandleAccessor.java:103)
	at java.base/java.lang.reflect.Method.invoke(Method.java:580)
	at org.testng.internal.invokers.MethodInvocationHelper.invokeMethod(MethodInvocationHelper.java:141)
	at org.testng.internal.invokers.TestInvoker.invokeMethod(TestInvoker.java:686)
	at org.testng.internal.invokers.TestInvoker.invokeTestMethod(TestInvoker.java:230)
	at org.testng.internal.invokers.MethodRunner.runInSequence(MethodRunner.java:63)
	at org.testng.internal.invokers.TestInvoker$MethodInvocationAgent.invoke(TestInvoker.java:992)
	at org.testng.internal.invokers.TestInvoker.invokeTestMethods(TestInvoker.java:203)
	at org.testng.internal.invokers.TestMethodWorker.invokeTestMethods(TestMethodWorker.java:154)
	at org.testng.internal.invokers.TestMethodWorker.run(TestMethodWorker.java:134)
	at java.base/java.util.ArrayList.forEach(ArrayList.java:1597)
	at org.testng.TestRunner.privateRun(TestRunner.java:739)
	at org.testng.TestRunner.run(TestRunner.java:614)
	at org.testng.SuiteRunner.runTest(SuiteRunner.java:421)
	at org.testng.SuiteRunner.runSequentially(SuiteRunner.java:413)
	at org.testng.SuiteRunner.privateRun(SuiteRunner.java:373)
	at org.testng.SuiteRunner.run(SuiteRunner.java:312)
	at org.testng.SuiteRunnerWorker.runSuite(SuiteRunnerWorker.java:52)
	at org.testng.SuiteRunnerWorker.run(SuiteRunnerWorker.java:95)
	at org.testng.TestNG.runSuitesSequentially(TestNG.java:1274)
	at org.testng.TestNG.runSuitesLocally(TestNG.java:1208)
	at org.testng.TestNG.runSuites(TestNG.java:1112)
	at org.testng.TestNG.run(TestNG.java:1079)
	at org.apache.maven.surefire.testng.TestNGExecutor.run(TestNGExecutor.java:308)
	at org.apache.maven.surefire.testng.TestNGXmlTestSuite.execute(TestNGXmlTestSuite.java:71)
	at org.apache.maven.surefire.testng.TestNGProvider.invoke(TestNGProvider.java:113)
	at org.apache.maven.surefire.booter.ForkedBooter.runSuitesInProcess(ForkedBooter.java:385)
	at org.apache.maven.surefire.booter.ForkedBooter.execute(ForkedBooter.java:162)
	at org.apache.maven.surefire.booter.ForkedBooter.run(ForkedBooter.java:507)
	at org.apache.maven.surefire.booter.ForkedBooter.main(ForkedBooter.java:495)
Caused by: java.lang.ClassNotFoundException: pageObject.HomeLoan
	... 31 more
</pre></div></td>
<td>0</td>
<td>TestCase.TS002_HomeLoanTest@39655d3e</td></tr>
<tr>
<td title='TestCase.TS002_HomeLoanTest.printing_the_table()'><b>printing_the_table</b><br>Test class: TestCase.TS002_HomeLoanTest</td>
<td><div><pre>java.lang.NoClassDefFoundError: pageObject/HomeLoan
	at TestCase.TS002_HomeLoanTest.printing_the_table(TS002_HomeLoanTest.java:29)
	at java.base/java.util.ArrayList.forEach(ArrayList.java:1597)
Caused by: java.lang.ClassNotFoundException: pageObject.HomeLoan
	... 31 more
... Removed 29 stack frames</pre></div><a href='#' onClick='toggleBox("stack-trace445202766", this, "Click to show all stack frames", "Click to hide stack frames")'>Click to show all stack frames</a>
<div class='stack-trace' id='stack-trace445202766'><pre>java.lang.NoClassDefFoundError: pageObject/HomeLoan
	at TestCase.TS002_HomeLoanTest.printing_the_table(TS002_HomeLoanTest.java:29)
	at java.base/jdk.internal.reflect.DirectMethodHandleAccessor.invoke(DirectMethodHandleAccessor.java:103)
	at java.base/java.lang.reflect.Method.invoke(Method.java:580)
	at org.testng.internal.invokers.MethodInvocationHelper.invokeMethod(MethodInvocationHelper.java:141)
	at org.testng.internal.invokers.TestInvoker.invokeMethod(TestInvoker.java:686)
	at org.testng.internal.invokers.TestInvoker.invokeTestMethod(TestInvoker.java:230)
	at org.testng.internal.invokers.MethodRunner.runInSequence(MethodRunner.java:63)
	at org.testng.internal.invokers.TestInvoker$MethodInvocationAgent.invoke(TestInvoker.java:992)
	at org.testng.internal.invokers.TestInvoker.invokeTestMethods(TestInvoker.java:203)
	at org.testng.internal.invokers.TestMethodWorker.invokeTestMethods(TestMethodWorker.java:154)
	at org.testng.internal.invokers.TestMethodWorker.run(TestMethodWorker.java:134)
	at java.base/java.util.ArrayList.forEach(ArrayList.java:1597)
	at org.testng.TestRunner.privateRun(TestRunner.java:739)
	at org.testng.TestRunner.run(TestRunner.java:614)
	at org.testng.SuiteRunner.runTest(SuiteRunner.java:421)
	at org.testng.SuiteRunner.runSequentially(SuiteRunner.java:413)
	at org.testng.SuiteRunner.privateRun(SuiteRunner.java:373)
	at org.testng.SuiteRunner.run(SuiteRunner.java:312)
	at org.testng.SuiteRunnerWorker.runSuite(SuiteRunnerWorker.java:52)
	at org.testng.SuiteRunnerWorker.run(SuiteRunnerWorker.java:95)
	at org.testng.TestNG.runSuitesSequentially(TestNG.java:1274)
	at org.testng.TestNG.runSuitesLocally(TestNG.java:1208)
	at org.testng.TestNG.runSuites(TestNG.java:1112)
	at org.testng.TestNG.run(TestNG.java:1079)
	at org.apache.maven.surefire.testng.TestNGExecutor.run(TestNGExecutor.java:308)
	at org.apache.maven.surefire.testng.TestNGXmlTestSuite.execute(TestNGXmlTestSuite.java:71)
	at org.apache.maven.surefire.testng.TestNGProvider.invoke(TestNGProvider.java:113)
	at org.apache.maven.surefire.booter.ForkedBooter.runSuitesInProcess(ForkedBooter.java:385)
	at org.apache.maven.surefire.booter.ForkedBooter.execute(ForkedBooter.java:162)
	at org.apache.maven.surefire.booter.ForkedBooter.run(ForkedBooter.java:507)
	at org.apache.maven.surefire.booter.ForkedBooter.main(ForkedBooter.java:495)
Caused by: java.lang.ClassNotFoundException: pageObject.HomeLoan
	... 31 more
</pre></div></td>
<td>0</td>
<td>TestCase.TS002_HomeLoanTest@39655d3e</td></tr>
</table><p>
<table width='100%' border='1' class='invocation-passed'>
<tr><td colspan='4' align='center'><b>PASSED TESTS</b></td></tr>
<tr><td><b>Test method</b></td>
<td><b>Attribute(s)</b></td>
<td width="30%"><b>Exception</b></td>
<td width="10%"><b>Time (seconds)</b></td>
<td><b>Instance</b></td>
</tr>
<tr>
<td title='TestCase.TS004_UI_LoanAmountCalc.user_validates_all_textboxes_are_displayed()'><b>user_validates_all_textboxes_are_displayed</b><br>Test class: TestCase.TS004_UI_LoanAmountCalc</td>
<td></td>
<td>0</td>
<td>TestCase.TS004_UI_LoanAmountCalc@3d1848cc</td></tr>
<tr>
<td title='TestCase.TS004_UI_LoanAmountCalc.user_validates_scale_change_for_fees_and_charges_textbox_and_slider()'><b>user_validates_scale_change_for_fees_and_charges_textbox_and_slider</b><br>Test class: TestCase.TS004_UI_LoanAmountCalc</td>
<td></td>
<td>0</td>
<td>TestCase.TS004_UI_LoanAmountCalc@3d1848cc</td></tr>
<tr>
<td title='TestCase.TS001_CarLoanTest.user_enteringValues_carLoan()'><b>user_enteringValues_carLoan</b><br>Test class: TestCase.TS001_CarLoanTest</td>
<td></td>
<td>2</td>
<td>TestCase.TS001_CarLoanTest@386f0da3</td></tr>
<tr>
<td title='TestCase.TS004_UI_LoanAmountCalc.user_validates_all_textboxes_are_enabled()'><b>user_validates_all_textboxes_are_enabled</b><br>Test class: TestCase.TS004_UI_LoanAmountCalc</td>
<td></td>
<td>0</td>
<td>TestCase.TS004_UI_LoanAmountCalc@3d1848cc</td></tr>
<tr>
<td title='TestCase.TS003_UI_EMIcalculator.user_validate_enabled_elements_of_EMI_Calculator()'><b>user_validate_enabled_elements_of_EMI_Calculator</b><br>Test class: TestCase.TS003_UI_EMIcalculator</td>
<td></td>
<td>0</td>
<td>TestCase.TS003_UI_EMIcalculator@34f22f9d</td></tr>
<tr>
<td title='TestCase.TS003_UI_EMIcalculator.user_validates_scale_change_for_interest_rate_textbox_and_slider()'><b>user_validates_scale_change_for_interest_rate_textbox_and_slider</b><br>Test class: TestCase.TS003_UI_EMIcalculator</td>
<td></td>
<td>0</td>
<td>TestCase.TS003_UI_EMIcalculator@34f22f9d</td></tr>
<tr>
<td title='TestCase.TS003_UI_EMIcalculator.user_validates_scale_change_for_fees_and_charges_textbox_and_slider()'><b>user_validates_scale_change_for_fees_and_charges_textbox_and_slider</b><br>Test class: TestCase.TS003_UI_EMIcalculator</td>
<td></td>
<td>0</td>
<td>TestCase.TS003_UI_EMIcalculator@34f22f9d</td></tr>
<tr>
<td title='TestCase.TS004_UI_LoanAmountCalc.user_click_the_loan_amount_calculator_button()'><b>user_click_the_loan_amount_calculator_button</b><br>Test class: TestCase.TS004_UI_LoanAmountCalc</td>
<td></td>
<td>0</td>
<td>TestCase.TS004_UI_LoanAmountCalc@3d1848cc</td></tr>
<tr>
<td title='TestCase.TS003_UI_EMIcalculator.user_click_the_EMI_calculator_button()'><b>user_click_the_EMI_calculator_button</b><br>Test class: TestCase.TS003_UI_EMIcalculator</td>
<td></td>
<td>0</td>
<td>TestCase.TS003_UI_EMIcalculator@34f22f9d</td></tr>
<tr>
<td title='TestCase.TS005_UI_LoanTenureCalc.user_validate_scale_change_for_loan_amount_textbox_and_slider()'><b>user_validate_scale_change_for_loan_amount_textbox_and_slider</b><br>Test class: TestCase.TS005_UI_LoanTenureCalc</td>
<td></td>
<td>0</td>
<td>TestCase.TS005_UI_LoanTenureCalc@7dda48d9</td></tr>
<tr>
<td title='TestCase.TS005_UI_LoanTenureCalc.user_validate_enabled_elements_of_LoanTenure_Calculator()'><b>user_validate_enabled_elements_of_LoanTenure_Calculator</b><br>Test class: TestCase.TS005_UI_LoanTenureCalc</td>
<td></td>
<td>0</td>
<td>TestCase.TS005_UI_LoanTenureCalc@7dda48d9</td></tr>
<tr>
<td title='TestCase.TS003_UI_EMIcalculator.user_validates_year_and_month_option()'><b>user_validates_year_and_month_option</b><br>Test class: TestCase.TS003_UI_EMIcalculator</td>
<td></td>
<td>0</td>
<td>TestCase.TS003_UI_EMIcalculator@34f22f9d</td></tr>
<tr>
<td title='TestCase.TS003_UI_EMIcalculator.user_validates_scale_change_for_loan_tenure_textbox_and_slider()'><b>user_validates_scale_change_for_loan_tenure_textbox_and_slider</b><br>Test class: TestCase.TS003_UI_EMIcalculator</td>
<td></td>
<td>1</td>
<td>TestCase.TS003_UI_EMIcalculator@34f22f9d</td></tr>
<tr>
<td title='TestCase.TS005_UI_LoanTenureCalc.user_click_the_loan_tenure_calculator_button()'><b>user_click_the_loan_tenure_calculator_button</b><br>Test class: TestCase.TS005_UI_LoanTenureCalc</td>
<td></td>
<td>0</td>
<td>TestCase.TS005_UI_LoanTenureCalc@7dda48d9</td></tr>
<tr>
<td title='TestCase.TS005_UI_LoanTenureCalc.user_validate_scale_change_for_interest_rate_textbox_and_slider()'><b>user_validate_scale_change_for_interest_rate_textbox_and_slider</b><br>Test class: TestCase.TS005_UI_LoanTenureCalc</td>
<td></td>
<td>0</td>
<td>TestCase.TS005_UI_LoanTenureCalc@7dda48d9</td></tr>
<tr>
<td title='TestCase.TS004_UI_LoanAmountCalc.user_validates_scale_change_for_loan_tenure_textbox_and_slider()'><b>user_validates_scale_change_for_loan_tenure_textbox_and_slider</b><br>Test class: TestCase.TS004_UI_LoanAmountCalc</td>
<td></td>
<td>0</td>
<td>TestCase.TS004_UI_LoanAmountCalc@3d1848cc</td></tr>
<tr>
<td title='TestCase.TS003_UI_EMIcalculator.user_validate_scale_change_for_loan_amount_textbox_and_slider()'><b>user_validate_scale_change_for_loan_amount_textbox_and_slider</b><br>Test class: TestCase.TS003_UI_EMIcalculator</td>
<td></td>
<td>0</td>
<td>TestCase.TS003_UI_EMIcalculator@34f22f9d</td></tr>
<tr>
<td title='TestCase.TS005_UI_LoanTenureCalc.user_validate_scale_change_for_fees_and_charges_textbox_and_slider()'><b>user_validate_scale_change_for_fees_and_charges_textbox_and_slider</b><br>Test class: TestCase.TS005_UI_LoanTenureCalc</td>
<td></td>
<td>0</td>
<td>TestCase.TS005_UI_LoanTenureCalc@7dda48d9</td></tr>
<tr>
<td title='TestCase.TS005_UI_LoanTenureCalc.user_validate_displayed_elements_of_LoanTenure_Calculator()'><b>user_validate_displayed_elements_of_LoanTenure_Calculator</b><br>Test class: TestCase.TS005_UI_LoanTenureCalc</td>
<td></td>
<td>0</td>
<td>TestCase.TS005_UI_LoanTenureCalc@7dda48d9</td></tr>
<tr>
<td title='TestCase.TS003_UI_EMIcalculator.user_validate_displayed_elements_of_EMI_Calculator()'><b>user_validate_displayed_elements_of_EMI_Calculator</b><br>Test class: TestCase.TS003_UI_EMIcalculator</td>
<td></td>
<td>0</td>
<td>TestCase.TS003_UI_EMIcalculator@34f22f9d</td></tr>
<tr>
<td title='TestCase.TS004_UI_LoanAmountCalc.user_validates_scale_change_for_interest_rate_textbox_and_slider()'><b>user_validates_scale_change_for_interest_rate_textbox_and_slider</b><br>Test class: TestCase.TS004_UI_LoanAmountCalc</td>
<td></td>
<td>0</td>
<td>TestCase.TS004_UI_LoanAmountCalc@3d1848cc</td></tr>
<tr>
<td title='TestCase.TS004_UI_LoanAmountCalc.user_validates_year_and_month_option()'><b>user_validates_year_and_month_option</b><br>Test class: TestCase.TS004_UI_LoanAmountCalc</td>
<td></td>
<td>0</td>
<td>TestCase.TS004_UI_LoanAmountCalc@3d1848cc</td></tr>
</table><p>
</body>
</html>