<!DOCTYPE html>

<html>
  <head>
  <meta charset='utf-8'>
  <title>TestNG reports</title>

    <link type="text/css" href="testng-reports1.css" rel="stylesheet" id="ultra" />
    <link type="text/css" href="testng-reports.css" rel="stylesheet" id="retro" disabled="false"/>
    <script type="text/javascript" src="jquery-3.6.0.min.js"></script>
    <script type="text/javascript" src="testng-reports.js"></script>
    <script type="text/javascript" src="https://www.google.com/jsapi"></script>
    <script type='text/javascript'>
      google.load('visualization', '1', {packages:['table']});
      google.setOnLoadCallback(drawTable);
      var suiteTableInitFunctions = new Array();
      var suiteTableData = new Array();
    </script>
    <!--
      <script type="text/javascript" src="jquery-ui/js/jquery-ui-1.8.16.custom.min.js"></script>
     -->
  </head>

  <body>    <div class="top-banner-root">
      <span class="top-banner-title-font">Test results</span>
      <button id="button" class="button">Switch Retro Theme</button> <!-- button -->
      <br/>
      <span class="top-banner-font-1">1 suite, 18 failed tests</span>
    </div> <!-- top-banner-root -->
    <div class="navigator-root">
      <div class="navigator-suite-header">
        <span>All suites</span>
        <a href="#" title="Collapse/expand all the suites" class="collapse-all-link">
          <img src="collapseall.gif" class="collapse-all-icon">
          </img> <!-- collapse-all-icon -->
        </a> <!-- collapse-all-link -->
      </div> <!-- navigator-suite-header -->
      <div class="suite">
        <div class="rounded-window">
          <div class="suite-header light-rounded-window-top">
            <a href="#" panel-name="suite-Suite" class="navigator-link">
              <span class="suite-name border-failed">Suite</span>
            </a> <!-- navigator-link -->
          </div> <!-- suite-header light-rounded-window-top -->
          <div class="navigator-suite-content">
            <div class="suite-section-title">
              <span>Info</span>
            </div> <!-- suite-section-title -->
            <div class="suite-section-content">
              <ul>
                <li>
                  <a href="#" panel-name="test-xml-Suite" class="navigator-link ">
                    <span>C:\Users\2361432\Downloads\final\final_Proj\master.xml</span>
                  </a> <!-- navigator-link  -->
                </li>
                <li>
                  <a href="#" panel-name="testlist-Suite" class="navigator-link ">
                    <span class="test-stats">1 test</span>
                  </a> <!-- navigator-link  -->
                </li>
                <li>
                  <a href="#" panel-name="group-Suite" class="navigator-link ">
                    <span>0 groups</span>
                  </a> <!-- navigator-link  -->
                </li>
                <li>
                  <a href="#" panel-name="times-Suite" class="navigator-link ">
                    <span>Times</span>
                  </a> <!-- navigator-link  -->
                </li>
                <li>
                  <a href="#" panel-name="reporter-Suite" class="navigator-link ">
                    <span>Reporter output</span>
                  </a> <!-- navigator-link  -->
                </li>
                <li>
                  <a href="#" panel-name="ignored-methods-Suite" class="navigator-link ">
                    <span>Ignored methods</span>
                  </a> <!-- navigator-link  -->
                </li>
                <li>
                  <a href="#" panel-name="chronological-Suite" class="navigator-link ">
                    <span>Chronological view</span>
                  </a> <!-- navigator-link  -->
                </li>
              </ul>
            </div> <!-- suite-section-content -->
            <div class="result-section">
              <div class="suite-section-title">
                <span>Results</span>
              </div> <!-- suite-section-title -->
              <div class="suite-section-content">
                <ul>
                  <li>
                    <span class="method-stats">24 methods, 18 failed,   6 passed</span>
                  </li>
                  <li>
                    <span class="method-list-title failed">Failed methods</span>
                    <span class="show-or-hide-methods failed">
                      <a href="#" panel-name="suite-Suite" class="hide-methods failed suite-Suite"> (hide)</a> <!-- hide-methods failed suite-Suite -->
                      <a href="#" panel-name="suite-Suite" class="show-methods failed suite-Suite"> (show)</a> <!-- show-methods failed suite-Suite -->
                    </span>
                    <div class="method-list-content failed suite-Suite">
                      <span>
                        <img src="failed.png" width="3%"/>
                        <a href="#" panel-name="suite-Suite" title="TestCase.TS002_HomeLoanTest" class="method navigator-link" hash-for-method="homeloan">homeloan</a> <!-- method navigator-link -->
                      </span>
                      <br/>
                      <span>
                        <img src="failed.png" width="3%"/>
                        <a href="#" panel-name="suite-Suite" title="TestCase.TS004_UI_LoanAmountCalc" class="method navigator-link" hash-for-method="user_click_the_loan_amount_calculator_button">user_click_the_loan_amount_calculator_button</a> <!-- method navigator-link -->
                      </span>
                      <br/>
                      <span>
                        <img src="failed.png" width="3%"/>
                        <a href="#" panel-name="suite-Suite" title="TestCase.TS005_UI_LoanTenureCalc" class="method navigator-link" hash-for-method="user_click_the_loan_tenure_calculator_button">user_click_the_loan_tenure_calculator_button</a> <!-- method navigator-link -->
                      </span>
                      <br/>
                      <span>
                        <img src="failed.png" width="3%"/>
                        <a href="#" panel-name="suite-Suite" title="TestCase.TS003_UI_EMIcalculator" class="method navigator-link" hash-for-method="user_validate_displayed_elements_of_EMI_Calculator">user_validate_displayed_elements_of_EMI_Calculator</a> <!-- method navigator-link -->
                      </span>
                      <br/>
                      <span>
                        <img src="failed.png" width="3%"/>
                        <a href="#" panel-name="suite-Suite" title="TestCase.TS005_UI_LoanTenureCalc" class="method navigator-link" hash-for-method="user_validate_displayed_elements_of_LoanTenure_Calculator">user_validate_displayed_elements_of_LoanTenure_Calculator</a> <!-- method navigator-link -->
                      </span>
                      <br/>
                      <span>
                        <img src="failed.png" width="3%"/>
                        <a href="#" panel-name="suite-Suite" title="TestCase.TS003_UI_EMIcalculator" class="method navigator-link" hash-for-method="user_validate_enabled_elements_of_EMI_Calculator">user_validate_enabled_elements_of_EMI_Calculator</a> <!-- method navigator-link -->
                      </span>
                      <br/>
                      <span>
                        <img src="failed.png" width="3%"/>
                        <a href="#" panel-name="suite-Suite" title="TestCase.TS005_UI_LoanTenureCalc" class="method navigator-link" hash-for-method="user_validate_enabled_elements_of_LoanTenure_Calculator">user_validate_enabled_elements_of_LoanTenure_Calculator</a> <!-- method navigator-link -->
                      </span>
                      <br/>
                      <span>
                        <img src="failed.png" width="3%"/>
                        <a href="#" panel-name="suite-Suite" title="TestCase.TS005_UI_LoanTenureCalc" class="method navigator-link" hash-for-method="user_validate_scale_change_for_fees_and_charges_textbox_and_slider">user_validate_scale_change_for_fees_and_charges_textbox_and_slider</a> <!-- method navigator-link -->
                      </span>
                      <br/>
                      <span>
                        <img src="failed.png" width="3%"/>
                        <a href="#" panel-name="suite-Suite" title="TestCase.TS005_UI_LoanTenureCalc" class="method navigator-link" hash-for-method="user_validate_scale_change_for_interest_rate_textbox_and_slider">user_validate_scale_change_for_interest_rate_textbox_and_slider</a> <!-- method navigator-link -->
                      </span>
                      <br/>
                      <span>
                        <img src="failed.png" width="3%"/>
                        <a href="#" panel-name="suite-Suite" title="TestCase.TS005_UI_LoanTenureCalc" class="method navigator-link" hash-for-method="user_validate_scale_change_for_loan_amount_textbox_and_slider">user_validate_scale_change_for_loan_amount_textbox_and_slider</a> <!-- method navigator-link -->
                      </span>
                      <br/>
                      <span>
                        <img src="failed.png" width="3%"/>
                        <a href="#" panel-name="suite-Suite" title="TestCase.TS004_UI_LoanAmountCalc" class="method navigator-link" hash-for-method="user_validates_all_textboxes_are_displayed">user_validates_all_textboxes_are_displayed</a> <!-- method navigator-link -->
                      </span>
                      <br/>
                      <span>
                        <img src="failed.png" width="3%"/>
                        <a href="#" panel-name="suite-Suite" title="TestCase.TS004_UI_LoanAmountCalc" class="method navigator-link" hash-for-method="user_validates_all_textboxes_are_enabled">user_validates_all_textboxes_are_enabled</a> <!-- method navigator-link -->
                      </span>
                      <br/>
                      <span>
                        <img src="failed.png" width="3%"/>
                        <a href="#" panel-name="suite-Suite" title="TestCase.TS004_UI_LoanAmountCalc" class="method navigator-link" hash-for-method="user_validates_scale_change_for_fees_and_charges_textbox_and_slider">user_validates_scale_change_for_fees_and_charges_textbox_and_slider</a> <!-- method navigator-link -->
                      </span>
                      <br/>
                      <span>
                        <img src="failed.png" width="3%"/>
                        <a href="#" panel-name="suite-Suite" title="TestCase.TS003_UI_EMIcalculator" class="method navigator-link" hash-for-method="user_validates_scale_change_for_fees_and_charges_textbox_and_slider">user_validates_scale_change_for_fees_and_charges_textbox_and_slider</a> <!-- method navigator-link -->
                      </span>
                      <br/>
                      <span>
                        <img src="failed.png" width="3%"/>
                        <a href="#" panel-name="suite-Suite" title="TestCase.TS004_UI_LoanAmountCalc" class="method navigator-link" hash-for-method="user_validates_scale_change_for_interest_rate_textbox_and_slider">user_validates_scale_change_for_interest_rate_textbox_and_slider</a> <!-- method navigator-link -->
                      </span>
                      <br/>
                      <span>
                        <img src="failed.png" width="3%"/>
                        <a href="#" panel-name="suite-Suite" title="TestCase.TS003_UI_EMIcalculator" class="method navigator-link" hash-for-method="user_validates_scale_change_for_interest_rate_textbox_and_slider">user_validates_scale_change_for_interest_rate_textbox_and_slider</a> <!-- method navigator-link -->
                      </span>
                      <br/>
                      <span>
                        <img src="failed.png" width="3%"/>
                        <a href="#" panel-name="suite-Suite" title="TestCase.TS003_UI_EMIcalculator" class="method navigator-link" hash-for-method="user_validates_scale_change_for_loan_tenure_textbox_and_slider">user_validates_scale_change_for_loan_tenure_textbox_and_slider</a> <!-- method navigator-link -->
                      </span>
                      <br/>
                      <span>
                        <img src="failed.png" width="3%"/>
                        <a href="#" panel-name="suite-Suite" title="TestCase.TS004_UI_LoanAmountCalc" class="method navigator-link" hash-for-method="user_validates_scale_change_for_loan_tenure_textbox_and_slider">user_validates_scale_change_for_loan_tenure_textbox_and_slider</a> <!-- method navigator-link -->
                      </span>
                      <br/>
                    </div> <!-- method-list-content failed suite-Suite -->
                  </li>
                  <li>
                    <span class="method-list-title passed">Passed methods</span>
                    <span class="show-or-hide-methods passed">
                      <a href="#" panel-name="suite-Suite" class="hide-methods passed suite-Suite"> (hide)</a> <!-- hide-methods passed suite-Suite -->
                      <a href="#" panel-name="suite-Suite" class="show-methods passed suite-Suite"> (show)</a> <!-- show-methods passed suite-Suite -->
                    </span>
                    <div class="method-list-content passed suite-Suite">
                      <span>
                        <img src="passed.png" width="3%"/>
                        <a href="#" panel-name="suite-Suite" title="TestCase.TS002_HomeLoanTest" class="method navigator-link" hash-for-method="printing_the_table">printing_the_table</a> <!-- method navigator-link -->
                      </span>
                      <br/>
                      <span>
                        <img src="passed.png" width="3%"/>
                        <a href="#" panel-name="suite-Suite" title="TestCase.TS003_UI_EMIcalculator" class="method navigator-link" hash-for-method="user_click_the_EMI_calculator_button">user_click_the_EMI_calculator_button</a> <!-- method navigator-link -->
                      </span>
                      <br/>
                      <span>
                        <img src="passed.png" width="3%"/>
                        <a href="#" panel-name="suite-Suite" title="TestCase.TS001_CarLoanTest" class="method navigator-link" hash-for-method="user_enteringValues_carLoan">user_enteringValues_carLoan</a> <!-- method navigator-link -->
                      </span>
                      <br/>
                      <span>
                        <img src="passed.png" width="3%"/>
                        <a href="#" panel-name="suite-Suite" title="TestCase.TS003_UI_EMIcalculator" class="method navigator-link" hash-for-method="user_validate_scale_change_for_loan_amount_textbox_and_slider">user_validate_scale_change_for_loan_amount_textbox_and_slider</a> <!-- method navigator-link -->
                      </span>
                      <br/>
                      <span>
                        <img src="passed.png" width="3%"/>
                        <a href="#" panel-name="suite-Suite" title="TestCase.TS003_UI_EMIcalculator" class="method navigator-link" hash-for-method="user_validates_year_and_month_option">user_validates_year_and_month_option</a> <!-- method navigator-link -->
                      </span>
                      <br/>
                      <span>
                        <img src="passed.png" width="3%"/>
                        <a href="#" panel-name="suite-Suite" title="TestCase.TS004_UI_LoanAmountCalc" class="method navigator-link" hash-for-method="user_validates_year_and_month_option">user_validates_year_and_month_option</a> <!-- method navigator-link -->
                      </span>
                      <br/>
                    </div> <!-- method-list-content passed suite-Suite -->
                  </li>
                </ul>
              </div> <!-- suite-section-content -->
            </div> <!-- result-section -->
          </div> <!-- navigator-suite-content -->
        </div> <!-- rounded-window -->
      </div> <!-- suite -->
    </div> <!-- navigator-root -->
    <div class="wrapper">
      <div class="main-panel-root">
        <div panel-name="suite-Suite" class="panel Suite">
          <div class="suite-Suite-class-failed">
            <div class="main-panel-header rounded-window-top">
              <img src="failed.png"/>
              <span class="class-name">TestCase.TS004_UI_LoanAmountCalc</span>
            </div> <!-- main-panel-header rounded-window-top -->
            <div class="main-panel-content rounded-window-bottom">
              <div class="method">
                <div class="method-content">
                  <a name="user_click_the_loan_amount_calculator_button">
                  </a> <!-- user_click_the_loan_amount_calculator_button -->
                  <span class="method-name">user_click_the_loan_amount_calculator_button</span>
                  <div class="stack-trace">org.openqa.selenium.NoSuchElementException: no such element: Unable to locate element: {&quot;method&quot;:&quot;css selector&quot;,&quot;selector&quot;:&quot;#loan\-amount\-calc&quot;}
  (Session info: chrome=128.0.6613.85)
For documentation on this error, please visit: https://www.selenium.dev/documentation/webdriver/troubleshooting/errors#no-such-element-exception
Build info: version: &apos;4.25.0&apos;, revision: &apos;8a8aea2337&apos;
System info: os.name: &apos;Windows 11&apos;, os.arch: &apos;amd64&apos;, os.version: &apos;10.0&apos;, java.version: &apos;17.0.2&apos;
Driver info: org.openqa.selenium.chrome.ChromeDriver
Command: [55abc8d13fb78674c8d0a0438223f1be, findElement {using=id, value=loan-amount-calc}]
Capabilities {acceptInsecureCerts: false, browserName: chrome, browserVersion: 128.0.6613.85, chrome: {chromedriverVersion: 128.0.6613.137 (fe621c5aa2d..., userDataDir: C:\Windows\SystemTemp\scope...}, fedcm:accounts: true, goog:chromeOptions: {debuggerAddress: localhost:59184}, networkConnectionEnabled: false, pageLoadStrategy: normal, platformName: windows, proxy: Proxy(), se:cdp: ws://localhost:59184/devtoo..., se:cdpVersion: 128.0.6613.85, setWindowRect: true, strictFileInteractability: false, timeouts: {implicit: 0, pageLoad: 300000, script: 30000}, unhandledPromptBehavior: dismiss and notify, webauthn:extension:credBlob: true, webauthn:extension:largeBlob: true, webauthn:extension:minPinLength: true, webauthn:extension:prf: true, webauthn:virtualAuthenticators: true}
Session ID: 55abc8d13fb78674c8d0a0438223f1be
	at org.openqa.selenium.remote.ErrorCodec.decode(ErrorCodec.java:167)
	at org.openqa.selenium.remote.codec.w3c.W3CHttpResponseCodec.decode(W3CHttpResponseCodec.java:138)
	at org.openqa.selenium.remote.codec.w3c.W3CHttpResponseCodec.decode(W3CHttpResponseCodec.java:50)
	at org.openqa.selenium.remote.HttpCommandExecutor.execute(HttpCommandExecutor.java:190)
	at org.openqa.selenium.remote.service.DriverCommandExecutor.invokeExecute(DriverCommandExecutor.java:216)
	at org.openqa.selenium.remote.service.DriverCommandExecutor.execute(DriverCommandExecutor.java:174)
	at org.openqa.selenium.remote.RemoteWebDriver.execute(RemoteWebDriver.java:545)
	at org.openqa.selenium.remote.ElementLocation$ElementFinder$2.findElement(ElementLocation.java:165)
	at org.openqa.selenium.remote.ElementLocation.findElement(ElementLocation.java:66)
	at org.openqa.selenium.remote.RemoteWebDriver.findElement(RemoteWebDriver.java:368)
	at org.openqa.selenium.remote.RemoteWebDriver.findElement(RemoteWebDriver.java:362)
	at org.openqa.selenium.support.pagefactory.DefaultElementLocator.findElement(DefaultElementLocator.java:68)
	at org.openqa.selenium.support.pagefactory.internal.LocatingElementHandler.invoke(LocatingElementHandler.java:38)
	at jdk.proxy2/jdk.proxy2.$Proxy28.click(Unknown Source)
	at pageObject.UIpage.navigatorForLoanAmountCalc(UIpage.java:96)
	at TestCase.TS004_UI_LoanAmountCalc.user_click_the_loan_amount_calculator_button(TS004_UI_LoanAmountCalc.java:17)
	at java.base/java.util.ArrayList.forEach(ArrayList.java:1511)
... Removed 36 stack frames
</div> <!-- stack-trace -->
                </div> <!-- method-content -->
              </div> <!-- method -->
              <div class="method">
                <div class="method-content">
                  <a name="user_validates_all_textboxes_are_displayed">
                  </a> <!-- user_validates_all_textboxes_are_displayed -->
                  <span class="method-name">user_validates_all_textboxes_are_displayed</span>
                  <div class="stack-trace">java.lang.AssertionError: null
	at TestCase.TS004_UI_LoanAmountCalc.user_validates_all_textboxes_are_displayed(TS004_UI_LoanAmountCalc.java:38)
	at java.base/java.util.ArrayList.forEach(ArrayList.java:1511)
... Removed 33 stack frames
</div> <!-- stack-trace -->
                </div> <!-- method-content -->
              </div> <!-- method -->
              <div class="method">
                <div class="method-content">
                  <a name="user_validates_all_textboxes_are_enabled">
                  </a> <!-- user_validates_all_textboxes_are_enabled -->
                  <span class="method-name">user_validates_all_textboxes_are_enabled</span>
                  <div class="stack-trace">java.lang.AssertionError: null
	at TestCase.TS004_UI_LoanAmountCalc.user_validates_all_textboxes_are_enabled(TS004_UI_LoanAmountCalc.java:59)
	at java.base/java.util.ArrayList.forEach(ArrayList.java:1511)
... Removed 33 stack frames
</div> <!-- stack-trace -->
                </div> <!-- method-content -->
              </div> <!-- method -->
              <div class="method">
                <div class="method-content">
                  <a name="user_validates_scale_change_for_fees_and_charges_textbox_and_slider">
                  </a> <!-- user_validates_scale_change_for_fees_and_charges_textbox_and_slider -->
                  <span class="method-name">user_validates_scale_change_for_fees_and_charges_textbox_and_slider</span>
                  <div class="stack-trace">org.openqa.selenium.json.JsonException: java.lang.reflect.InvocationTargetException
Build info: version: &apos;4.25.0&apos;, revision: &apos;8a8aea2337&apos;
System info: os.name: &apos;Windows 11&apos;, os.arch: &apos;amd64&apos;, os.version: &apos;10.0&apos;, java.version: &apos;17.0.2&apos;
Driver info: org.openqa.selenium.chrome.ChromeDriver
Command: [55abc8d13fb78674c8d0a0438223f1be, actions {actions=[org.openqa.selenium.interactions.Sequence@73a6cc79]}]
Capabilities {acceptInsecureCerts: false, browserName: chrome, browserVersion: 128.0.6613.85, chrome: {chromedriverVersion: 128.0.6613.137 (fe621c5aa2d..., userDataDir: C:\Windows\SystemTemp\scope...}, fedcm:accounts: true, goog:chromeOptions: {debuggerAddress: localhost:59184}, networkConnectionEnabled: false, pageLoadStrategy: normal, platformName: windows, proxy: Proxy(), se:cdp: ws://localhost:59184/devtoo..., se:cdpVersion: 128.0.6613.85, setWindowRect: true, strictFileInteractability: false, timeouts: {implicit: 0, pageLoad: 300000, script: 30000}, unhandledPromptBehavior: dismiss and notify, webauthn:extension:credBlob: true, webauthn:extension:largeBlob: true, webauthn:extension:minPinLength: true, webauthn:extension:prf: true, webauthn:virtualAuthenticators: true}
Session ID: 55abc8d13fb78674c8d0a0438223f1be
	at org.openqa.selenium.json.JsonOutput.convertUsingMethod(JsonOutput.java:520)
	at org.openqa.selenium.json.JsonOutput.lambda$new$16(JsonOutput.java:182)
	at org.openqa.selenium.json.JsonOutput.write0(JsonOutput.java:409)
	at org.openqa.selenium.json.JsonOutput.lambda$new$22(JsonOutput.java:204)
	at java.base/java.util.stream.ForEachOps$ForEachOp$OfRef.accept(ForEachOps.java:183)
	at java.base/java.util.stream.ReferencePipeline$2$1.accept(ReferencePipeline.java:179)
	at java.base/java.util.Iterator.forEachRemaining(Iterator.java:133)
	at java.base/java.util.Spliterators$IteratorSpliterator.forEachRemaining(Spliterators.java:1845)
	at java.base/java.util.stream.AbstractPipeline.copyInto(AbstractPipeline.java:509)
	at java.base/java.util.stream.AbstractPipeline.wrapAndCopyInto(AbstractPipeline.java:499)
	at java.base/java.util.stream.ForEachOps$ForEachOp.evaluateSequential(ForEachOps.java:150)
	at java.base/java.util.stream.ForEachOps$ForEachOp$OfRef.evaluateSequential(ForEachOps.java:173)
	at java.base/java.util.stream.AbstractPipeline.evaluate(AbstractPipeline.java:234)
	at java.base/java.util.stream.ReferencePipeline.forEach(ReferencePipeline.java:596)
	at org.openqa.selenium.json.JsonOutput.lambda$new$23(JsonOutput.java:204)
	at org.openqa.selenium.json.JsonOutput.write0(JsonOutput.java:409)
	at org.openqa.selenium.json.JsonOutput.lambda$new$24(JsonOutput.java:222)
	at java.base/java.util.Map.forEach(Map.java:713)
	at org.openqa.selenium.json.JsonOutput.lambda$new$25(JsonOutput.java:217)
	at org.openqa.selenium.json.JsonOutput.write0(JsonOutput.java:409)
	at org.openqa.selenium.json.JsonOutput.write(JsonOutput.java:400)
	at org.openqa.selenium.json.Json.toJson(Json.java:133)
	at org.openqa.selenium.json.Json.toJson(Json.java:119)
	at org.openqa.selenium.remote.codec.AbstractHttpCommandCodec.encode(AbstractHttpCommandCodec.java:245)
	at org.openqa.selenium.remote.codec.AbstractHttpCommandCodec.encode(AbstractHttpCommandCodec.java:111)
	at org.openqa.selenium.remote.HttpCommandExecutor.execute(HttpCommandExecutor.java:178)
	at org.openqa.selenium.remote.service.DriverCommandExecutor.invokeExecute(DriverCommandExecutor.java:216)
	at org.openqa.selenium.remote.service.DriverCommandExecutor.execute(DriverCommandExecutor.java:174)
	at org.openqa.selenium.remote.RemoteWebDriver.execute(RemoteWebDriver.java:545)
	at org.openqa.selenium.remote.RemoteWebDriver.perform(RemoteWebDriver.java:631)
	at org.openqa.selenium.interactions.Actions$BuiltAction.perform(Actions.java:613)
	at pageObject.UIpage.moveFeesAndChargesSlider(UIpage.java:179)
	at TestCase.TS004_UI_LoanAmountCalc.user_validates_scale_change_for_fees_and_charges_textbox_and_slider(TS004_UI_LoanAmountCalc.java:104)
	at java.base/java.util.ArrayList.forEach(ArrayList.java:1511)
	Suppressed: org.openqa.selenium.json.JsonException: Attempting to close incomplete json stream
Build info: version: &apos;4.25.0&apos;, revision: &apos;8a8aea2337&apos;
System info: os.name: &apos;Windows 11&apos;, os.arch: &apos;amd64&apos;, os.version: &apos;10.0&apos;, java.version: &apos;17.0.2&apos;
Driver info: driver.version: RemoteWebDriver
		at org.openqa.selenium.json.JsonOutput.close(JsonOutput.java:431)
		at org.openqa.selenium.json.Json.toJson(Json.java:131)
		... 43 more
	at org.openqa.selenium.json.JsonOutput.convertUsingMethod(JsonOutput.java:516)
	... 64 more
Caused by: org.openqa.selenium.NoSuchElementException: no such element: Unable to locate element: {&quot;method&quot;:&quot;xpath&quot;,&quot;selector&quot;:&quot;//div[@id = &apos;loanfeesslider&apos;]/span&quot;}
  (Session info: chrome=128.0.6613.85)
For documentation on this error, please visit: https://www.selenium.dev/documentation/webdriver/troubleshooting/errors#no-such-element-exception
Build info: version: &apos;4.25.0&apos;, revision: &apos;8a8aea2337&apos;
System info: os.name: &apos;Windows 11&apos;, os.arch: &apos;amd64&apos;, os.version: &apos;10.0&apos;, java.version: &apos;17.0.2&apos;
Driver info: org.openqa.selenium.chrome.ChromeDriver
Command: [55abc8d13fb78674c8d0a0438223f1be, findElement {using=xpath, value=//div[@id = &apos;loanfeesslider&apos;]/span}]
Capabilities {acceptInsecureCerts: false, browserName: chrome, browserVersion: 128.0.6613.85, chrome: {chromedriverVersion: 128.0.6613.137 (fe621c5aa2d..., userDataDir: C:\Windows\SystemTemp\scope...}, fedcm:accounts: true, goog:chromeOptions: {debuggerAddress: localhost:59184}, networkConnectionEnabled: false, pageLoadStrategy: normal, platformName: windows, proxy: Proxy(), se:cdp: ws://localhost:59184/devtoo..., se:cdpVersion: 128.0.6613.85, setWindowRect: true, strictFileInteractability: false, timeouts: {implicit: 0, pageLoad: 300000, script: 30000}, unhandledPromptBehavior: dismiss and notify, webauthn:extension:credBlob: true, webauthn:extension:largeBlob: true, webauthn:extension:minPinLength: true, webauthn:extension:prf: true, webauthn:virtualAuthenticators: true}
Session ID: 55abc8d13fb78674c8d0a0438223f1be
	at org.openqa.selenium.remote.ErrorCodec.decode(ErrorCodec.java:167)
	at org.openqa.selenium.remote.codec.w3c.W3CHttpResponseCodec.decode(W3CHttpResponseCodec.java:138)
	at org.openqa.selenium.remote.codec.w3c.W3CHttpResponseCodec.decode(W3CHttpResponseCodec.java:50)
	at org.openqa.selenium.remote.HttpCommandExecutor.execute(HttpCommandExecutor.java:190)
	at org.openqa.selenium.remote.service.DriverCommandExecutor.invokeExecute(DriverCommandExecutor.java:216)
	at org.openqa.selenium.remote.service.DriverCommandExecutor.execute(DriverCommandExecutor.java:174)
	at org.openqa.selenium.remote.RemoteWebDriver.execute(RemoteWebDriver.java:545)
	at org.openqa.selenium.remote.ElementLocation$ElementFinder$2.findElement(ElementLocation.java:165)
	at org.openqa.selenium.remote.ElementLocation.findElement(ElementLocation.java:59)
	at org.openqa.selenium.remote.RemoteWebDriver.findElement(RemoteWebDriver.java:368)
	at org.openqa.selenium.remote.RemoteWebDriver.findElement(RemoteWebDriver.java:362)
	at org.openqa.selenium.support.pagefactory.DefaultElementLocator.findElement(DefaultElementLocator.java:68)
	at org.openqa.selenium.support.pagefactory.internal.LocatingElementHandler.invoke(LocatingElementHandler.java:38)
	at jdk.proxy2/jdk.proxy2.$Proxy28.getWrappedElement(Unknown Source)
	at org.openqa.selenium.interactions.PointerInput$Origin.asArg(PointerInput.java:259)
	at org.openqa.selenium.interactions.PointerInput$Move.encode(PointerInput.java:208)
	at org.openqa.selenium.interactions.Sequence.encode(Sequence.java:72)
	at org.openqa.selenium.interactions.Sequence.toJson(Sequence.java:81)
	... 69 more
... Removed 41 stack frames
</div> <!-- stack-trace -->
                </div> <!-- method-content -->
              </div> <!-- method -->
              <div class="method">
                <div class="method-content">
                  <a name="user_validates_scale_change_for_interest_rate_textbox_and_slider">
                  </a> <!-- user_validates_scale_change_for_interest_rate_textbox_and_slider -->
                  <span class="method-name">user_validates_scale_change_for_interest_rate_textbox_and_slider</span>
                  <div class="stack-trace">java.lang.AssertionError: Scale Change for Interest Rate Text Box and Slider was unsuccessful expected [14.25] but found [9]
	at TestCase.TS004_UI_LoanAmountCalc.user_validates_scale_change_for_interest_rate_textbox_and_slider(TS004_UI_LoanAmountCalc.java:70)
	at java.base/java.util.ArrayList.forEach(ArrayList.java:1511)
... Removed 36 stack frames
</div> <!-- stack-trace -->
                </div> <!-- method-content -->
              </div> <!-- method -->
              <div class="method">
                <div class="method-content">
                  <a name="user_validates_scale_change_for_loan_tenure_textbox_and_slider">
                  </a> <!-- user_validates_scale_change_for_loan_tenure_textbox_and_slider -->
                  <span class="method-name">user_validates_scale_change_for_loan_tenure_textbox_and_slider</span>
                  <div class="stack-trace">java.lang.AssertionError: Scale Change for Loan Tenure Text Box and Slider was unsuccessful expected [10] but found [11]
	at TestCase.TS004_UI_LoanAmountCalc.user_validates_scale_change_for_loan_tenure_textbox_and_slider(TS004_UI_LoanAmountCalc.java:81)
	at java.base/java.util.ArrayList.forEach(ArrayList.java:1511)
... Removed 36 stack frames
</div> <!-- stack-trace -->
                </div> <!-- method-content -->
              </div> <!-- method -->
            </div> <!-- main-panel-content rounded-window-bottom -->
          </div> <!-- suite-Suite-class-failed -->
          <div class="suite-Suite-class-failed">
            <div class="main-panel-header rounded-window-top">
              <img src="failed.png"/>
              <span class="class-name">TestCase.TS003_UI_EMIcalculator</span>
            </div> <!-- main-panel-header rounded-window-top -->
            <div class="main-panel-content rounded-window-bottom">
              <div class="method">
                <div class="method-content">
                  <a name="user_validate_displayed_elements_of_EMI_Calculator">
                  </a> <!-- user_validate_displayed_elements_of_EMI_Calculator -->
                  <span class="method-name">user_validate_displayed_elements_of_EMI_Calculator</span>
                  <div class="stack-trace">java.lang.AssertionError: null
	at TestCase.TS003_UI_EMIcalculator.user_validate_displayed_elements_of_EMI_Calculator(TS003_UI_EMIcalculator.java:40)
	at java.base/java.util.ArrayList.forEach(ArrayList.java:1511)
... Removed 33 stack frames
</div> <!-- stack-trace -->
                </div> <!-- method-content -->
              </div> <!-- method -->
              <div class="method">
                <div class="method-content">
                  <a name="user_validate_enabled_elements_of_EMI_Calculator">
                  </a> <!-- user_validate_enabled_elements_of_EMI_Calculator -->
                  <span class="method-name">user_validate_enabled_elements_of_EMI_Calculator</span>
                  <div class="stack-trace">java.lang.AssertionError: null
	at TestCase.TS003_UI_EMIcalculator.user_validate_enabled_elements_of_EMI_Calculator(TS003_UI_EMIcalculator.java:60)
	at java.base/java.util.ArrayList.forEach(ArrayList.java:1511)
... Removed 33 stack frames
</div> <!-- stack-trace -->
                </div> <!-- method-content -->
              </div> <!-- method -->
              <div class="method">
                <div class="method-content">
                  <a name="user_validates_scale_change_for_fees_and_charges_textbox_and_slider">
                  </a> <!-- user_validates_scale_change_for_fees_and_charges_textbox_and_slider -->
                  <span class="method-name">user_validates_scale_change_for_fees_and_charges_textbox_and_slider</span>
                  <div class="stack-trace">java.lang.AssertionError: null
	at TestCase.TS003_UI_EMIcalculator.user_validates_scale_change_for_fees_and_charges_textbox_and_slider(TS003_UI_EMIcalculator.java:138)
	at java.base/java.util.ArrayList.forEach(ArrayList.java:1511)
... Removed 33 stack frames
</div> <!-- stack-trace -->
                </div> <!-- method-content -->
              </div> <!-- method -->
              <div class="method">
                <div class="method-content">
                  <a name="user_validates_scale_change_for_interest_rate_textbox_and_slider">
                  </a> <!-- user_validates_scale_change_for_interest_rate_textbox_and_slider -->
                  <span class="method-name">user_validates_scale_change_for_interest_rate_textbox_and_slider</span>
                  <div class="stack-trace">java.lang.AssertionError: null
	at TestCase.TS003_UI_EMIcalculator.user_validates_scale_change_for_interest_rate_textbox_and_slider(TS003_UI_EMIcalculator.java:90)
	at java.base/java.util.ArrayList.forEach(ArrayList.java:1511)
... Removed 33 stack frames
</div> <!-- stack-trace -->
                </div> <!-- method-content -->
              </div> <!-- method -->
              <div class="method">
                <div class="method-content">
                  <a name="user_validates_scale_change_for_loan_tenure_textbox_and_slider">
                  </a> <!-- user_validates_scale_change_for_loan_tenure_textbox_and_slider -->
                  <span class="method-name">user_validates_scale_change_for_loan_tenure_textbox_and_slider</span>
                  <div class="stack-trace">java.lang.AssertionError: null
	at TestCase.TS003_UI_EMIcalculator.user_validates_scale_change_for_loan_tenure_textbox_and_slider(TS003_UI_EMIcalculator.java:105)
	at java.base/java.util.ArrayList.forEach(ArrayList.java:1511)
... Removed 33 stack frames
</div> <!-- stack-trace -->
                </div> <!-- method-content -->
              </div> <!-- method -->
            </div> <!-- main-panel-content rounded-window-bottom -->
          </div> <!-- suite-Suite-class-failed -->
          <div class="suite-Suite-class-failed">
            <div class="main-panel-header rounded-window-top">
              <img src="failed.png"/>
              <span class="class-name">TestCase.TS002_HomeLoanTest</span>
            </div> <!-- main-panel-header rounded-window-top -->
            <div class="main-panel-content rounded-window-bottom">
              <div class="method">
                <div class="method-content">
                  <a name="homeloan">
                  </a> <!-- homeloan -->
                  <span class="method-name">homeloan</span>
                  <div class="stack-trace">java.lang.IndexOutOfBoundsException: Index 0 out of bounds for length 0
	at java.base/jdk.internal.util.Preconditions.outOfBounds(Preconditions.java:64)
	at java.base/jdk.internal.util.Preconditions.outOfBoundsCheckIndex(Preconditions.java:70)
	at java.base/jdk.internal.util.Preconditions.checkIndex(Preconditions.java:266)
	at java.base/java.util.Objects.checkIndex(Objects.java:359)
	at java.base/java.util.ArrayList.get(ArrayList.java:427)
	at org.openqa.selenium.support.pagefactory.internal.LocatingElementListHandler.invoke(LocatingElementListHandler.java:39)
	at jdk.proxy2/jdk.proxy2.$Proxy29.get(Unknown Source)
	at pageObject.HomeLoan.scrollToTable(HomeLoan.java:57)
	at TestCase.TS002_HomeLoanTest.homeloan(TS002_HomeLoanTest.java:21)
	at java.base/java.util.ArrayList.forEach(ArrayList.java:1511)
... Removed 35 stack frames
</div> <!-- stack-trace -->
                </div> <!-- method-content -->
              </div> <!-- method -->
            </div> <!-- main-panel-content rounded-window-bottom -->
          </div> <!-- suite-Suite-class-failed -->
          <div class="suite-Suite-class-failed">
            <div class="main-panel-header rounded-window-top">
              <img src="failed.png"/>
              <span class="class-name">TestCase.TS005_UI_LoanTenureCalc</span>
            </div> <!-- main-panel-header rounded-window-top -->
            <div class="main-panel-content rounded-window-bottom">
              <div class="method">
                <div class="method-content">
                  <a name="user_click_the_loan_tenure_calculator_button">
                  </a> <!-- user_click_the_loan_tenure_calculator_button -->
                  <span class="method-name">user_click_the_loan_tenure_calculator_button</span>
                  <div class="stack-trace">org.openqa.selenium.NoSuchElementException: no such element: Unable to locate element: {&quot;method&quot;:&quot;css selector&quot;,&quot;selector&quot;:&quot;#loan\-tenure\-calc&quot;}
  (Session info: chrome=128.0.6613.85)
For documentation on this error, please visit: https://www.selenium.dev/documentation/webdriver/troubleshooting/errors#no-such-element-exception
Build info: version: &apos;4.25.0&apos;, revision: &apos;8a8aea2337&apos;
System info: os.name: &apos;Windows 11&apos;, os.arch: &apos;amd64&apos;, os.version: &apos;10.0&apos;, java.version: &apos;17.0.2&apos;
Driver info: org.openqa.selenium.chrome.ChromeDriver
Command: [9552b64f183bbce14cf09048e7725623, findElement {using=id, value=loan-tenure-calc}]
Capabilities {acceptInsecureCerts: false, browserName: chrome, browserVersion: 128.0.6613.85, chrome: {chromedriverVersion: 128.0.6613.137 (fe621c5aa2d..., userDataDir: C:\Windows\SystemTemp\scope...}, fedcm:accounts: true, goog:chromeOptions: {debuggerAddress: localhost:59363}, networkConnectionEnabled: false, pageLoadStrategy: normal, platformName: windows, proxy: Proxy(), se:cdp: ws://localhost:59363/devtoo..., se:cdpVersion: 128.0.6613.85, setWindowRect: true, strictFileInteractability: false, timeouts: {implicit: 0, pageLoad: 300000, script: 30000}, unhandledPromptBehavior: dismiss and notify, webauthn:extension:credBlob: true, webauthn:extension:largeBlob: true, webauthn:extension:minPinLength: true, webauthn:extension:prf: true, webauthn:virtualAuthenticators: true}
Session ID: 9552b64f183bbce14cf09048e7725623
	at org.openqa.selenium.remote.ErrorCodec.decode(ErrorCodec.java:167)
	at org.openqa.selenium.remote.codec.w3c.W3CHttpResponseCodec.decode(W3CHttpResponseCodec.java:138)
	at org.openqa.selenium.remote.codec.w3c.W3CHttpResponseCodec.decode(W3CHttpResponseCodec.java:50)
	at org.openqa.selenium.remote.HttpCommandExecutor.execute(HttpCommandExecutor.java:190)
	at org.openqa.selenium.remote.service.DriverCommandExecutor.invokeExecute(DriverCommandExecutor.java:216)
	at org.openqa.selenium.remote.service.DriverCommandExecutor.execute(DriverCommandExecutor.java:174)
	at org.openqa.selenium.remote.RemoteWebDriver.execute(RemoteWebDriver.java:545)
	at org.openqa.selenium.remote.ElementLocation$ElementFinder$2.findElement(ElementLocation.java:165)
	at org.openqa.selenium.remote.ElementLocation.findElement(ElementLocation.java:66)
	at org.openqa.selenium.remote.RemoteWebDriver.findElement(RemoteWebDriver.java:368)
	at org.openqa.selenium.remote.RemoteWebDriver.findElement(RemoteWebDriver.java:362)
	at org.openqa.selenium.support.pagefactory.DefaultElementLocator.findElement(DefaultElementLocator.java:68)
	at org.openqa.selenium.support.pagefactory.internal.LocatingElementHandler.invoke(LocatingElementHandler.java:38)
	at jdk.proxy2/jdk.proxy2.$Proxy28.click(Unknown Source)
	at pageObject.UIpage.navigatorForLoanTenureCalc(UIpage.java:101)
	at TestCase.TS005_UI_LoanTenureCalc.user_click_the_loan_tenure_calculator_button(TS005_UI_LoanTenureCalc.java:17)
	at java.base/java.util.ArrayList.forEach(ArrayList.java:1511)
... Removed 36 stack frames
</div> <!-- stack-trace -->
                </div> <!-- method-content -->
              </div> <!-- method -->
              <div class="method">
                <div class="method-content">
                  <a name="user_validate_displayed_elements_of_LoanTenure_Calculator">
                  </a> <!-- user_validate_displayed_elements_of_LoanTenure_Calculator -->
                  <span class="method-name">user_validate_displayed_elements_of_LoanTenure_Calculator</span>
                  <div class="stack-trace">java.lang.AssertionError: null
	at TestCase.TS005_UI_LoanTenureCalc.user_validate_displayed_elements_of_LoanTenure_Calculator(TS005_UI_LoanTenureCalc.java:38)
	at java.base/java.util.ArrayList.forEach(ArrayList.java:1511)
... Removed 33 stack frames
</div> <!-- stack-trace -->
                </div> <!-- method-content -->
              </div> <!-- method -->
              <div class="method">
                <div class="method-content">
                  <a name="user_validate_enabled_elements_of_LoanTenure_Calculator">
                  </a> <!-- user_validate_enabled_elements_of_LoanTenure_Calculator -->
                  <span class="method-name">user_validate_enabled_elements_of_LoanTenure_Calculator</span>
                  <div class="stack-trace">java.lang.AssertionError: null
	at TestCase.TS005_UI_LoanTenureCalc.user_validate_enabled_elements_of_LoanTenure_Calculator(TS005_UI_LoanTenureCalc.java:59)
	at java.base/java.util.ArrayList.forEach(ArrayList.java:1511)
... Removed 33 stack frames
</div> <!-- stack-trace -->
                </div> <!-- method-content -->
              </div> <!-- method -->
              <div class="method">
                <div class="method-content">
                  <a name="user_validate_scale_change_for_fees_and_charges_textbox_and_slider">
                  </a> <!-- user_validate_scale_change_for_fees_and_charges_textbox_and_slider -->
                  <span class="method-name">user_validate_scale_change_for_fees_and_charges_textbox_and_slider</span>
                  <div class="stack-trace">org.openqa.selenium.json.JsonException: java.lang.reflect.InvocationTargetException
Build info: version: &apos;4.25.0&apos;, revision: &apos;8a8aea2337&apos;
System info: os.name: &apos;Windows 11&apos;, os.arch: &apos;amd64&apos;, os.version: &apos;10.0&apos;, java.version: &apos;17.0.2&apos;
Driver info: org.openqa.selenium.chrome.ChromeDriver
Command: [9552b64f183bbce14cf09048e7725623, actions {actions=[org.openqa.selenium.interactions.Sequence@72af90e8]}]
Capabilities {acceptInsecureCerts: false, browserName: chrome, browserVersion: 128.0.6613.85, chrome: {chromedriverVersion: 128.0.6613.137 (fe621c5aa2d..., userDataDir: C:\Windows\SystemTemp\scope...}, fedcm:accounts: true, goog:chromeOptions: {debuggerAddress: localhost:59363}, networkConnectionEnabled: false, pageLoadStrategy: normal, platformName: windows, proxy: Proxy(), se:cdp: ws://localhost:59363/devtoo..., se:cdpVersion: 128.0.6613.85, setWindowRect: true, strictFileInteractability: false, timeouts: {implicit: 0, pageLoad: 300000, script: 30000}, unhandledPromptBehavior: dismiss and notify, webauthn:extension:credBlob: true, webauthn:extension:largeBlob: true, webauthn:extension:minPinLength: true, webauthn:extension:prf: true, webauthn:virtualAuthenticators: true}
Session ID: 9552b64f183bbce14cf09048e7725623
	at org.openqa.selenium.json.JsonOutput.convertUsingMethod(JsonOutput.java:520)
	at org.openqa.selenium.json.JsonOutput.lambda$new$16(JsonOutput.java:182)
	at org.openqa.selenium.json.JsonOutput.write0(JsonOutput.java:409)
	at org.openqa.selenium.json.JsonOutput.lambda$new$22(JsonOutput.java:204)
	at java.base/java.util.stream.ForEachOps$ForEachOp$OfRef.accept(ForEachOps.java:183)
	at java.base/java.util.stream.ReferencePipeline$2$1.accept(ReferencePipeline.java:179)
	at java.base/java.util.Iterator.forEachRemaining(Iterator.java:133)
	at java.base/java.util.Spliterators$IteratorSpliterator.forEachRemaining(Spliterators.java:1845)
	at java.base/java.util.stream.AbstractPipeline.copyInto(AbstractPipeline.java:509)
	at java.base/java.util.stream.AbstractPipeline.wrapAndCopyInto(AbstractPipeline.java:499)
	at java.base/java.util.stream.ForEachOps$ForEachOp.evaluateSequential(ForEachOps.java:150)
	at java.base/java.util.stream.ForEachOps$ForEachOp$OfRef.evaluateSequential(ForEachOps.java:173)
	at java.base/java.util.stream.AbstractPipeline.evaluate(AbstractPipeline.java:234)
	at java.base/java.util.stream.ReferencePipeline.forEach(ReferencePipeline.java:596)
	at org.openqa.selenium.json.JsonOutput.lambda$new$23(JsonOutput.java:204)
	at org.openqa.selenium.json.JsonOutput.write0(JsonOutput.java:409)
	at org.openqa.selenium.json.JsonOutput.lambda$new$24(JsonOutput.java:222)
	at java.base/java.util.Map.forEach(Map.java:713)
	at org.openqa.selenium.json.JsonOutput.lambda$new$25(JsonOutput.java:217)
	at org.openqa.selenium.json.JsonOutput.write0(JsonOutput.java:409)
	at org.openqa.selenium.json.JsonOutput.write(JsonOutput.java:400)
	at org.openqa.selenium.json.Json.toJson(Json.java:133)
	at org.openqa.selenium.json.Json.toJson(Json.java:119)
	at org.openqa.selenium.remote.codec.AbstractHttpCommandCodec.encode(AbstractHttpCommandCodec.java:245)
	at org.openqa.selenium.remote.codec.AbstractHttpCommandCodec.encode(AbstractHttpCommandCodec.java:111)
	at org.openqa.selenium.remote.HttpCommandExecutor.execute(HttpCommandExecutor.java:178)
	at org.openqa.selenium.remote.service.DriverCommandExecutor.invokeExecute(DriverCommandExecutor.java:216)
	at org.openqa.selenium.remote.service.DriverCommandExecutor.execute(DriverCommandExecutor.java:174)
	at org.openqa.selenium.remote.RemoteWebDriver.execute(RemoteWebDriver.java:545)
	at org.openqa.selenium.remote.RemoteWebDriver.perform(RemoteWebDriver.java:631)
	at org.openqa.selenium.interactions.Actions$BuiltAction.perform(Actions.java:613)
	at pageObject.UIpage.moveFeesAndChargesSlider(UIpage.java:179)
	at TestCase.TS005_UI_LoanTenureCalc.user_validate_scale_change_for_fees_and_charges_textbox_and_slider(TS005_UI_LoanTenureCalc.java:100)
	at java.base/java.util.ArrayList.forEach(ArrayList.java:1511)
	Suppressed: org.openqa.selenium.json.JsonException: Attempting to close incomplete json stream
Build info: version: &apos;4.25.0&apos;, revision: &apos;8a8aea2337&apos;
System info: os.name: &apos;Windows 11&apos;, os.arch: &apos;amd64&apos;, os.version: &apos;10.0&apos;, java.version: &apos;17.0.2&apos;
Driver info: driver.version: RemoteWebDriver
		at org.openqa.selenium.json.JsonOutput.close(JsonOutput.java:431)
		at org.openqa.selenium.json.Json.toJson(Json.java:131)
		... 43 more
	at org.openqa.selenium.json.JsonOutput.convertUsingMethod(JsonOutput.java:516)
	... 64 more
Caused by: org.openqa.selenium.NoSuchElementException: no such element: Unable to locate element: {&quot;method&quot;:&quot;xpath&quot;,&quot;selector&quot;:&quot;//div[@id = &apos;loanfeesslider&apos;]/span&quot;}
  (Session info: chrome=128.0.6613.85)
For documentation on this error, please visit: https://www.selenium.dev/documentation/webdriver/troubleshooting/errors#no-such-element-exception
Build info: version: &apos;4.25.0&apos;, revision: &apos;8a8aea2337&apos;
System info: os.name: &apos;Windows 11&apos;, os.arch: &apos;amd64&apos;, os.version: &apos;10.0&apos;, java.version: &apos;17.0.2&apos;
Driver info: org.openqa.selenium.chrome.ChromeDriver
Command: [9552b64f183bbce14cf09048e7725623, findElement {using=xpath, value=//div[@id = &apos;loanfeesslider&apos;]/span}]
Capabilities {acceptInsecureCerts: false, browserName: chrome, browserVersion: 128.0.6613.85, chrome: {chromedriverVersion: 128.0.6613.137 (fe621c5aa2d..., userDataDir: C:\Windows\SystemTemp\scope...}, fedcm:accounts: true, goog:chromeOptions: {debuggerAddress: localhost:59363}, networkConnectionEnabled: false, pageLoadStrategy: normal, platformName: windows, proxy: Proxy(), se:cdp: ws://localhost:59363/devtoo..., se:cdpVersion: 128.0.6613.85, setWindowRect: true, strictFileInteractability: false, timeouts: {implicit: 0, pageLoad: 300000, script: 30000}, unhandledPromptBehavior: dismiss and notify, webauthn:extension:credBlob: true, webauthn:extension:largeBlob: true, webauthn:extension:minPinLength: true, webauthn:extension:prf: true, webauthn:virtualAuthenticators: true}
Session ID: 9552b64f183bbce14cf09048e7725623
	at org.openqa.selenium.remote.ErrorCodec.decode(ErrorCodec.java:167)
	at org.openqa.selenium.remote.codec.w3c.W3CHttpResponseCodec.decode(W3CHttpResponseCodec.java:138)
	at org.openqa.selenium.remote.codec.w3c.W3CHttpResponseCodec.decode(W3CHttpResponseCodec.java:50)
	at org.openqa.selenium.remote.HttpCommandExecutor.execute(HttpCommandExecutor.java:190)
	at org.openqa.selenium.remote.service.DriverCommandExecutor.invokeExecute(DriverCommandExecutor.java:216)
	at org.openqa.selenium.remote.service.DriverCommandExecutor.execute(DriverCommandExecutor.java:174)
	at org.openqa.selenium.remote.RemoteWebDriver.execute(RemoteWebDriver.java:545)
	at org.openqa.selenium.remote.ElementLocation$ElementFinder$2.findElement(ElementLocation.java:165)
	at org.openqa.selenium.remote.ElementLocation.findElement(ElementLocation.java:59)
	at org.openqa.selenium.remote.RemoteWebDriver.findElement(RemoteWebDriver.java:368)
	at org.openqa.selenium.remote.RemoteWebDriver.findElement(RemoteWebDriver.java:362)
	at org.openqa.selenium.support.pagefactory.DefaultElementLocator.findElement(DefaultElementLocator.java:68)
	at org.openqa.selenium.support.pagefactory.internal.LocatingElementHandler.invoke(LocatingElementHandler.java:38)
	at jdk.proxy2/jdk.proxy2.$Proxy28.getWrappedElement(Unknown Source)
	at org.openqa.selenium.interactions.PointerInput$Origin.asArg(PointerInput.java:259)
	at org.openqa.selenium.interactions.PointerInput$Move.encode(PointerInput.java:208)
	at org.openqa.selenium.interactions.Sequence.encode(Sequence.java:72)
	at org.openqa.selenium.interactions.Sequence.toJson(Sequence.java:81)
	... 68 more
... Removed 40 stack frames
</div> <!-- stack-trace -->
                </div> <!-- method-content -->
              </div> <!-- method -->
              <div class="method">
                <div class="method-content">
                  <a name="user_validate_scale_change_for_interest_rate_textbox_and_slider">
                  </a> <!-- user_validate_scale_change_for_interest_rate_textbox_and_slider -->
                  <span class="method-name">user_validate_scale_change_for_interest_rate_textbox_and_slider</span>
                  <div class="stack-trace">java.lang.AssertionError: null
	at TestCase.TS005_UI_LoanTenureCalc.user_validate_scale_change_for_interest_rate_textbox_and_slider(TS005_UI_LoanTenureCalc.java:91)
	at java.base/java.util.ArrayList.forEach(ArrayList.java:1511)
... Removed 33 stack frames
</div> <!-- stack-trace -->
                </div> <!-- method-content -->
              </div> <!-- method -->
              <div class="method">
                <div class="method-content">
                  <a name="user_validate_scale_change_for_loan_amount_textbox_and_slider">
                  </a> <!-- user_validate_scale_change_for_loan_amount_textbox_and_slider -->
                  <span class="method-name">user_validate_scale_change_for_loan_amount_textbox_and_slider</span>
                  <div class="stack-trace">java.lang.AssertionError: null
	at TestCase.TS005_UI_LoanTenureCalc.user_validate_scale_change_for_loan_amount_textbox_and_slider(TS005_UI_LoanTenureCalc.java:75)
	at java.base/java.util.ArrayList.forEach(ArrayList.java:1511)
... Removed 33 stack frames
</div> <!-- stack-trace -->
                </div> <!-- method-content -->
              </div> <!-- method -->
            </div> <!-- main-panel-content rounded-window-bottom -->
          </div> <!-- suite-Suite-class-failed -->
          <div class="suite-Suite-class-passed">
            <div class="main-panel-header rounded-window-top">
              <img src="passed.png"/>
              <span class="class-name">TestCase.TS004_UI_LoanAmountCalc</span>
            </div> <!-- main-panel-header rounded-window-top -->
            <div class="main-panel-content rounded-window-bottom">
              <div class="method">
                <div class="method-content">
                  <a name="user_validates_year_and_month_option">
                  </a> <!-- user_validates_year_and_month_option -->
                  <span class="method-name">user_validates_year_and_month_option</span>
                </div> <!-- method-content -->
              </div> <!-- method -->
            </div> <!-- main-panel-content rounded-window-bottom -->
          </div> <!-- suite-Suite-class-passed -->
          <div class="suite-Suite-class-passed">
            <div class="main-panel-header rounded-window-top">
              <img src="passed.png"/>
              <span class="class-name">TestCase.TS001_CarLoanTest</span>
            </div> <!-- main-panel-header rounded-window-top -->
            <div class="main-panel-content rounded-window-bottom">
              <div class="method">
                <div class="method-content">
                  <a name="user_enteringValues_carLoan">
                  </a> <!-- user_enteringValues_carLoan -->
                  <span class="method-name">user_enteringValues_carLoan</span>
                </div> <!-- method-content -->
              </div> <!-- method -->
            </div> <!-- main-panel-content rounded-window-bottom -->
          </div> <!-- suite-Suite-class-passed -->
          <div class="suite-Suite-class-passed">
            <div class="main-panel-header rounded-window-top">
              <img src="passed.png"/>
              <span class="class-name">TestCase.TS003_UI_EMIcalculator</span>
            </div> <!-- main-panel-header rounded-window-top -->
            <div class="main-panel-content rounded-window-bottom">
              <div class="method">
                <div class="method-content">
                  <a name="user_click_the_EMI_calculator_button">
                  </a> <!-- user_click_the_EMI_calculator_button -->
                  <span class="method-name">user_click_the_EMI_calculator_button</span>
                </div> <!-- method-content -->
              </div> <!-- method -->
              <div class="method">
                <div class="method-content">
                  <a name="user_validate_scale_change_for_loan_amount_textbox_and_slider">
                  </a> <!-- user_validate_scale_change_for_loan_amount_textbox_and_slider -->
                  <span class="method-name">user_validate_scale_change_for_loan_amount_textbox_and_slider</span>
                </div> <!-- method-content -->
              </div> <!-- method -->
              <div class="method">
                <div class="method-content">
                  <a name="user_validates_year_and_month_option">
                  </a> <!-- user_validates_year_and_month_option -->
                  <span class="method-name">user_validates_year_and_month_option</span>
                </div> <!-- method-content -->
              </div> <!-- method -->
            </div> <!-- main-panel-content rounded-window-bottom -->
          </div> <!-- suite-Suite-class-passed -->
          <div class="suite-Suite-class-passed">
            <div class="main-panel-header rounded-window-top">
              <img src="passed.png"/>
              <span class="class-name">TestCase.TS002_HomeLoanTest</span>
            </div> <!-- main-panel-header rounded-window-top -->
            <div class="main-panel-content rounded-window-bottom">
              <div class="method">
                <div class="method-content">
                  <a name="printing_the_table">
                  </a> <!-- printing_the_table -->
                  <span class="method-name">printing_the_table</span>
                </div> <!-- method-content -->
              </div> <!-- method -->
            </div> <!-- main-panel-content rounded-window-bottom -->
          </div> <!-- suite-Suite-class-passed -->
        </div> <!-- panel Suite -->
        <div panel-name="test-xml-Suite" class="panel">
          <div class="main-panel-header rounded-window-top">
            <span class="header-content">C:\Users\2361432\Downloads\final\final_Proj\master.xml</span>
          </div> <!-- main-panel-header rounded-window-top -->
          <div class="main-panel-content rounded-window-bottom">
            <pre>
&lt;?xml version=&quot;1.0&quot; encoding=&quot;UTF-8&quot;?&gt;
&lt;!DOCTYPE suite SYSTEM &quot;https://testng.org/testng-1.0.dtd&quot;&gt;
&lt;suite name=&quot;Suite&quot; guice-stage=&quot;DEVELOPMENT&quot; verbose=&quot;0&quot;&gt;
  &lt;listeners&gt;
    &lt;listener class-name=&quot;Utilities.ExtentReportManager&quot;/&gt;
  &lt;/listeners&gt;
  &lt;test thread-count=&quot;5&quot; name=&quot;ChromeTest&quot; verbose=&quot;0&quot;&gt;
    &lt;parameter name=&quot;os&quot; value=&quot;Windows&quot;/&gt;
    &lt;parameter name=&quot;browser&quot; value=&quot;chrome&quot;/&gt;
    &lt;classes&gt;
      &lt;class name=&quot;TestCase.TS001_CarLoanTest&quot;/&gt;
      &lt;class name=&quot;TestCase.TS002_HomeLoanTest&quot;/&gt;
      &lt;class name=&quot;TestCase.TS003_UI_EMIcalculator&quot;/&gt;
      &lt;class name=&quot;TestCase.TS004_UI_LoanAmountCalc&quot;/&gt;
      &lt;class name=&quot;TestCase.TS005_UI_LoanTenureCalc&quot;/&gt;
    &lt;/classes&gt;
  &lt;/test&gt; &lt;!-- ChromeTest --&gt;
&lt;/suite&gt; &lt;!-- Suite --&gt;
            </pre>
          </div> <!-- main-panel-content rounded-window-bottom -->
        </div> <!-- panel -->
        <div panel-name="testlist-Suite" class="panel">
          <div class="main-panel-header rounded-window-top">
            <span class="header-content">Tests for Suite</span>
          </div> <!-- main-panel-header rounded-window-top -->
          <div class="main-panel-content rounded-window-bottom">
            <ul>
              <li>
                <span class="test-name">ChromeTest (5 classes)</span>
              </li>
            </ul>
          </div> <!-- main-panel-content rounded-window-bottom -->
        </div> <!-- panel -->
        <div panel-name="group-Suite" class="panel">
          <div class="main-panel-header rounded-window-top">
            <span class="header-content">Groups for Suite</span>
          </div> <!-- main-panel-header rounded-window-top -->
          <div class="main-panel-content rounded-window-bottom">
          </div> <!-- main-panel-content rounded-window-bottom -->
        </div> <!-- panel -->
        <div panel-name="times-Suite" class="panel">
          <div class="main-panel-header rounded-window-top">
            <span class="header-content">Times for Suite</span>
          </div> <!-- main-panel-header rounded-window-top -->
          <div class="main-panel-content rounded-window-bottom">
            <div class="times-div">
              <script type="text/javascript">
suiteTableInitFunctions.push('tableData_Suite');
function tableData_Suite() {
var data = new google.visualization.DataTable();
data.addColumn('number', 'Number');
data.addColumn('string', 'Method');
data.addColumn('string', 'Class');
data.addColumn('number', 'Time (ms)');
data.addRows(24);
data.setCell(0, 0, 0)
data.setCell(0, 1, 'printing_the_table')
data.setCell(0, 2, 'TestCase.TS002_HomeLoanTest')
data.setCell(0, 3, 30194);
data.setCell(1, 0, 1)
data.setCell(1, 1, 'user_validates_scale_change_for_fees_and_charges_textbox_and_slider')
data.setCell(1, 2, 'TestCase.TS003_UI_EMIcalculator')
data.setCell(1, 3, 19458);
data.setCell(2, 0, 2)
data.setCell(2, 1, 'user_click_the_loan_amount_calculator_button')
data.setCell(2, 2, 'TestCase.TS004_UI_LoanAmountCalc')
data.setCell(2, 3, 10297);
data.setCell(3, 0, 3)
data.setCell(3, 1, 'user_validate_displayed_elements_of_EMI_Calculator')
data.setCell(3, 2, 'TestCase.TS003_UI_EMIcalculator')
data.setCell(3, 3, 10272);
data.setCell(4, 0, 4)
data.setCell(4, 1, 'homeloan')
data.setCell(4, 2, 'TestCase.TS002_HomeLoanTest')
data.setCell(4, 3, 10267);
data.setCell(5, 0, 5)
data.setCell(5, 1, 'user_validate_enabled_elements_of_EMI_Calculator')
data.setCell(5, 2, 'TestCase.TS003_UI_EMIcalculator')
data.setCell(5, 3, 10223);
data.setCell(6, 0, 6)
data.setCell(6, 1, 'user_click_the_loan_tenure_calculator_button')
data.setCell(6, 2, 'TestCase.TS005_UI_LoanTenureCalc')
data.setCell(6, 3, 10218);
data.setCell(7, 0, 7)
data.setCell(7, 1, 'user_enteringValues_carLoan')
data.setCell(7, 2, 'TestCase.TS001_CarLoanTest')
data.setCell(7, 3, 10171);
data.setCell(8, 0, 8)
data.setCell(8, 1, 'user_validate_displayed_elements_of_LoanTenure_Calculator')
data.setCell(8, 2, 'TestCase.TS005_UI_LoanTenureCalc')
data.setCell(8, 3, 10131);
data.setCell(9, 0, 9)
data.setCell(9, 1, 'user_validate_enabled_elements_of_LoanTenure_Calculator')
data.setCell(9, 2, 'TestCase.TS005_UI_LoanTenureCalc')
data.setCell(9, 3, 10096);
data.setCell(10, 0, 10)
data.setCell(10, 1, 'user_validates_all_textboxes_are_enabled')
data.setCell(10, 2, 'TestCase.TS004_UI_LoanAmountCalc')
data.setCell(10, 3, 10071);
data.setCell(11, 0, 11)
data.setCell(11, 1, 'user_validates_all_textboxes_are_displayed')
data.setCell(11, 2, 'TestCase.TS004_UI_LoanAmountCalc')
data.setCell(11, 3, 10058);
data.setCell(12, 0, 12)
data.setCell(12, 1, 'user_validate_scale_change_for_fees_and_charges_textbox_and_slider')
data.setCell(12, 2, 'TestCase.TS005_UI_LoanTenureCalc')
data.setCell(12, 3, 10022);
data.setCell(13, 0, 13)
data.setCell(13, 1, 'user_validates_scale_change_for_fees_and_charges_textbox_and_slider')
data.setCell(13, 2, 'TestCase.TS004_UI_LoanAmountCalc')
data.setCell(13, 3, 10020);
data.setCell(14, 0, 14)
data.setCell(14, 1, 'user_validates_scale_change_for_loan_tenure_textbox_and_slider')
data.setCell(14, 2, 'TestCase.TS004_UI_LoanAmountCalc')
data.setCell(14, 3, 2039);
data.setCell(15, 0, 15)
data.setCell(15, 1, 'user_validate_scale_change_for_loan_amount_textbox_and_slider')
data.setCell(15, 2, 'TestCase.TS005_UI_LoanTenureCalc')
data.setCell(15, 3, 1847);
data.setCell(16, 0, 16)
data.setCell(16, 1, 'user_validates_scale_change_for_loan_tenure_textbox_and_slider')
data.setCell(16, 2, 'TestCase.TS003_UI_EMIcalculator')
data.setCell(16, 3, 1012);
data.setCell(17, 0, 17)
data.setCell(17, 1, 'user_validates_scale_change_for_interest_rate_textbox_and_slider')
data.setCell(17, 2, 'TestCase.TS003_UI_EMIcalculator')
data.setCell(17, 3, 975);
data.setCell(18, 0, 18)
data.setCell(18, 1, 'user_validates_scale_change_for_interest_rate_textbox_and_slider')
data.setCell(18, 2, 'TestCase.TS004_UI_LoanAmountCalc')
data.setCell(18, 3, 912);
data.setCell(19, 0, 19)
data.setCell(19, 1, 'user_validate_scale_change_for_loan_amount_textbox_and_slider')
data.setCell(19, 2, 'TestCase.TS003_UI_EMIcalculator')
data.setCell(19, 3, 865);
data.setCell(20, 0, 20)
data.setCell(20, 1, 'user_validate_scale_change_for_interest_rate_textbox_and_slider')
data.setCell(20, 2, 'TestCase.TS005_UI_LoanTenureCalc')
data.setCell(20, 3, 840);
data.setCell(21, 0, 21)
data.setCell(21, 1, 'user_click_the_EMI_calculator_button')
data.setCell(21, 2, 'TestCase.TS003_UI_EMIcalculator')
data.setCell(21, 3, 234);
data.setCell(22, 0, 22)
data.setCell(22, 1, 'user_validates_year_and_month_option')
data.setCell(22, 2, 'TestCase.TS004_UI_LoanAmountCalc')
data.setCell(22, 3, 115);
data.setCell(23, 0, 23)
data.setCell(23, 1, 'user_validates_year_and_month_option')
data.setCell(23, 2, 'TestCase.TS003_UI_EMIcalculator')
data.setCell(23, 3, 96);
window.suiteTableData['Suite']= { tableData: data, tableDiv: 'times-div-Suite'}
return data;
}
              </script>
              <span class="suite-total-time">Total running time: 3 minutes</span>
              <div id="times-div-Suite">
              </div> <!-- times-div-Suite -->
            </div> <!-- times-div -->
          </div> <!-- main-panel-content rounded-window-bottom -->
        </div> <!-- panel -->
        <div panel-name="reporter-Suite" class="panel">
          <div class="main-panel-header rounded-window-top">
            <span class="header-content">Reporter output for Suite</span>
          </div> <!-- main-panel-header rounded-window-top -->
          <div class="main-panel-content rounded-window-bottom">
          </div> <!-- main-panel-content rounded-window-bottom -->
        </div> <!-- panel -->
        <div panel-name="ignored-methods-Suite" class="panel">
          <div class="main-panel-header rounded-window-top">
            <span class="header-content">0 ignored methods</span>
          </div> <!-- main-panel-header rounded-window-top -->
          <div class="main-panel-content rounded-window-bottom">
          </div> <!-- main-panel-content rounded-window-bottom -->
        </div> <!-- panel -->
        <div panel-name="chronological-Suite" class="panel">
          <div class="main-panel-header rounded-window-top">
            <span class="header-content">Methods in chronological order</span>
          </div> <!-- main-panel-header rounded-window-top -->
          <div class="main-panel-content rounded-window-bottom">
            <div class="chronological-class">
              <div class="chronological-class-name">TestCase.TS001_CarLoanTest</div> <!-- chronological-class-name -->
              <div class="configuration-class before">
                <span class="method-name">setup(Windows, chrome)</span>
                <span class="method-start">0 ms</span>
              </div> <!-- configuration-class before -->
              <div class="test-method">
                <span class="method-name">user_enteringValues_carLoan</span>
                <span class="method-start">17408 ms</span>
              </div> <!-- test-method -->
              <div class="configuration-class after">
                <span class="method-name">tearDown</span>
                <span class="method-start">27585 ms</span>
              </div> <!-- configuration-class after -->
            </div> <!-- chronological-class -->
            <div class="chronological-class">
              <div class="chronological-class-name">TestCase.TS002_HomeLoanTest</div> <!-- chronological-class-name -->
              <div class="configuration-class before">
                <span class="method-name">setup(Windows, chrome)</span>
                <span class="method-start">27888 ms</span>
              </div> <!-- configuration-class before -->
              <div class="test-method">
                <img src="failed.png">
                </img>
                <span class="method-name">homeloan</span>
                <span class="method-start">49432 ms</span>
              </div> <!-- test-method -->
              <div class="test-method">
                <span class="method-name">printing_the_table</span>
                <span class="method-start">59810 ms</span>
              </div> <!-- test-method -->
              <div class="configuration-class after">
                <span class="method-name">tearDown</span>
                <span class="method-start">90004 ms</span>
              </div> <!-- configuration-class after -->
            </div> <!-- chronological-class -->
            <div class="chronological-class">
              <div class="chronological-class-name">TestCase.TS003_UI_EMIcalculator</div> <!-- chronological-class-name -->
              <div class="configuration-class before">
                <span class="method-name">setup(Windows, chrome)</span>
                <span class="method-start">90387 ms</span>
              </div> <!-- configuration-class before -->
              <div class="test-method">
                <span class="method-name">user_click_the_EMI_calculator_button</span>
                <span class="method-start">101621 ms</span>
              </div> <!-- test-method -->
              <div class="test-method">
                <img src="failed.png">
                </img>
                <span class="method-name">user_validate_displayed_elements_of_EMI_Calculator</span>
                <span class="method-start">101857 ms</span>
              </div> <!-- test-method -->
              <div class="test-method">
                <img src="failed.png">
                </img>
                <span class="method-name">user_validate_enabled_elements_of_EMI_Calculator</span>
                <span class="method-start">112241 ms</span>
              </div> <!-- test-method -->
              <div class="test-method">
                <span class="method-name">user_validate_scale_change_for_loan_amount_textbox_and_slider</span>
                <span class="method-start">122553 ms</span>
              </div> <!-- test-method -->
              <div class="test-method">
                <img src="failed.png">
                </img>
                <span class="method-name">user_validates_scale_change_for_fees_and_charges_textbox_and_slider</span>
                <span class="method-start">123419 ms</span>
              </div> <!-- test-method -->
              <div class="test-method">
                <img src="failed.png">
                </img>
                <span class="method-name">user_validates_scale_change_for_interest_rate_textbox_and_slider</span>
                <span class="method-start">142987 ms</span>
              </div> <!-- test-method -->
              <div class="test-method">
                <img src="failed.png">
                </img>
                <span class="method-name">user_validates_scale_change_for_loan_tenure_textbox_and_slider</span>
                <span class="method-start">144054 ms</span>
              </div> <!-- test-method -->
              <div class="test-method">
                <span class="method-name">user_validates_year_and_month_option</span>
                <span class="method-start">145148 ms</span>
              </div> <!-- test-method -->
              <div class="configuration-class after">
                <span class="method-name">tearDown</span>
                <span class="method-start">145245 ms</span>
              </div> <!-- configuration-class after -->
            </div> <!-- chronological-class -->
            <div class="chronological-class">
              <div class="chronological-class-name">TestCase.TS004_UI_LoanAmountCalc</div> <!-- chronological-class-name -->
              <div class="configuration-class before">
                <span class="method-name">setup(Windows, chrome)</span>
                <span class="method-start">145609 ms</span>
              </div> <!-- configuration-class before -->
              <div class="test-method">
                <img src="failed.png">
                </img>
                <span class="method-name">user_click_the_loan_amount_calculator_button</span>
                <span class="method-start">160808 ms</span>
              </div> <!-- test-method -->
              <div class="test-method">
                <img src="failed.png">
                </img>
                <span class="method-name">user_validates_all_textboxes_are_displayed</span>
                <span class="method-start">171188 ms</span>
              </div> <!-- test-method -->
              <div class="test-method">
                <img src="failed.png">
                </img>
                <span class="method-name">user_validates_all_textboxes_are_enabled</span>
                <span class="method-start">181350 ms</span>
              </div> <!-- test-method -->
              <div class="test-method">
                <img src="failed.png">
                </img>
                <span class="method-name">user_validates_scale_change_for_fees_and_charges_textbox_and_slider</span>
                <span class="method-start">191507 ms</span>
              </div> <!-- test-method -->
              <div class="test-method">
                <img src="failed.png">
                </img>
                <span class="method-name">user_validates_scale_change_for_interest_rate_textbox_and_slider</span>
                <span class="method-start">201628 ms</span>
              </div> <!-- test-method -->
              <div class="test-method">
                <img src="failed.png">
                </img>
                <span class="method-name">user_validates_scale_change_for_loan_tenure_textbox_and_slider</span>
                <span class="method-start">202685 ms</span>
              </div> <!-- test-method -->
              <div class="test-method">
                <span class="method-name">user_validates_year_and_month_option</span>
                <span class="method-start">204822 ms</span>
              </div> <!-- test-method -->
              <div class="configuration-class after">
                <span class="method-name">tearDown</span>
                <span class="method-start">204938 ms</span>
              </div> <!-- configuration-class after -->
            </div> <!-- chronological-class -->
            <div class="chronological-class">
              <div class="chronological-class-name">TestCase.TS005_UI_LoanTenureCalc</div> <!-- chronological-class-name -->
              <div class="configuration-class before">
                <span class="method-name">setup(Windows, chrome)</span>
                <span class="method-start">205322 ms</span>
              </div> <!-- configuration-class before -->
              <div class="test-method">
                <img src="failed.png">
                </img>
                <span class="method-name">user_click_the_loan_tenure_calculator_button</span>
                <span class="method-start">216198 ms</span>
              </div> <!-- test-method -->
              <div class="test-method">
                <img src="failed.png">
                </img>
                <span class="method-name">user_validate_displayed_elements_of_LoanTenure_Calculator</span>
                <span class="method-start">226508 ms</span>
              </div> <!-- test-method -->
              <div class="test-method">
                <img src="failed.png">
                </img>
                <span class="method-name">user_validate_enabled_elements_of_LoanTenure_Calculator</span>
                <span class="method-start">236737 ms</span>
              </div> <!-- test-method -->
              <div class="test-method">
                <img src="failed.png">
                </img>
                <span class="method-name">user_validate_scale_change_for_fees_and_charges_textbox_and_slider</span>
                <span class="method-start">246948 ms</span>
              </div> <!-- test-method -->
              <div class="test-method">
                <img src="failed.png">
                </img>
                <span class="method-name">user_validate_scale_change_for_interest_rate_textbox_and_slider</span>
                <span class="method-start">257080 ms</span>
              </div> <!-- test-method -->
              <div class="test-method">
                <img src="failed.png">
                </img>
                <span class="method-name">user_validate_scale_change_for_loan_amount_textbox_and_slider</span>
                <span class="method-start">258041 ms</span>
              </div> <!-- test-method -->
              <div class="configuration-class after">
                <span class="method-name">tearDown</span>
                <span class="method-start">259984 ms</span>
              </div> <!-- configuration-class after -->
            </div> <!-- chronological-class -->
            <div class="chronological-class">
              <div class="chronological-class-name">TestCase.TS003_UI_EMIcalculator</div> <!-- chronological-class-name -->
              <div class="configuration-test after">
                <span class="method-name">loan_tenure_ui_check_validation_is_successful</span>
                <span class="method-start">260315 ms</span>
              </div> <!-- configuration-test after -->
            </div> <!-- chronological-class -->
            <div class="chronological-class">
              <div class="chronological-class-name">TestCase.TS004_UI_LoanAmountCalc</div> <!-- chronological-class-name -->
              <div class="configuration-test after">
                <span class="method-name">loan_amount_calculator_ui_check_validation_is_successful</span>
                <span class="method-start">260316 ms</span>
              </div> <!-- configuration-test after -->
            </div> <!-- chronological-class -->
            <div class="chronological-class">
              <div class="chronological-class-name">TestCase.TS005_UI_LoanTenureCalc</div> <!-- chronological-class-name -->
              <div class="configuration-test after">
                <span class="method-name">loan_tenure_ui_check_validation_is_successful</span>
                <span class="method-start">260317 ms</span>
              </div> <!-- configuration-test after -->
          </div> <!-- main-panel-content rounded-window-bottom -->
        </div> <!-- panel -->
      </div> <!-- main-panel-root -->
    </div> <!-- wrapper -->
  </body>
<script type="text/javascript" src="testng-reports2.js"></script>
</html>
